0 silly argv {
0 silly argv   _: [ 'add' ],
0 silly argv   scope: '@cli-template/core',
0 silly argv   globs: [],
0 silly argv   lernaVersion: '4.0.0',
0 silly argv   '$0': 'lerna',
0 silly argv   pkg: 'minimist'
0 silly argv }
1 notice cli v4.0.0
2 verbose rootPath /Users/bytedance/Desktop/cli-template
3 error JSONError: Unexpected token "}" (0x7D) in JSON at position 451 while parsing near "...t\\\" && exit 1\"\n  },\n}\n" in packages/init/package.json
3 error
3 error [0m [90m 20 |[39m     [32m"test"[39m[33m:[39m [32m"echo \"Error: run tests from root\" && exit 1"[39m[0m
3 error [0m [90m 21 |[39m   }[33m,[39m[0m
3 error [0m[31m[1m>[22m[39m[90m 22 |[39m }[0m
3 error [0m [90m    |[39m [31m[1m^[22m[39m[0m
3 error [0m [90m 23 |[39m[0m
3 error
3 error     at parseJson (/Users/bytedance/Desktop/cli-template/node_modules/parse-json/index.js:29:21)
3 error     at parse (/Users/bytedance/Desktop/cli-template/node_modules/load-json-file/index.js:15:9)
3 error     at module.exports (/Users/bytedance/Desktop/cli-template/node_modules/load-json-file/index.js:18:47)
